  Building Custom Rule C:/Users/Yang Chanu/source/repos/pbrt-v3/src/ext/glog/CMakeLists.txt
  demangle.cc
C:\Users\Yang Chanu\source\repos\pbrt-v3\src\ext\glog\src\demangle.cc(343,29): warning C4267: '초기화 중': 'size_t'에서 'int'(으)로 변환하면서 데이터가 손실될 수 있습니다.
  logging.cc
C:\Users\Yang Chanu\source\repos\pbrt-v3\src\ext\glog\src\logging.cc(200,36): warning C4267: '인수': 'size_t'에서 'unsigned int'(으)로 변환하면서 데이터가 손실될 수 있습니다.
C:\Users\Yang Chanu\source\repos\pbrt-v3\src\ext\glog\src\logging.cc(216,37): warning C4267: '인수': 'size_t'에서 'unsigned int'(으)로 변환하면서 데이터가 손실될 수 있습니다.
C:\Users\Yang Chanu\source\repos\pbrt-v3\src\ext\glog\src\logging.cc(631,5): warning C4267: '초기화 중': 'size_t'에서 'int'(으)로 변환하면서 데이터가 손실될 수 있습니다.
C:\Users\Yang Chanu\source\repos\pbrt-v3\src\ext\glog\src\logging.cc(764,68): warning C4267: '인수': 'size_t'에서 'int'(으)로 변환하면서 데이터가 손실될 수 있습니다.
C:\Users\Yang Chanu\source\repos\pbrt-v3\src\ext\glog\src\logging.cc(789,5): warning C4267: '초기화 중': 'size_t'에서 'int'(으)로 변환하면서 데이터가 손실될 수 있습니다.
C:\Users\Yang Chanu\source\repos\pbrt-v3\src\ext\glog\src\logging.cc(799,5): warning C4267: '초기화 중': 'size_t'에서 'int'(으)로 변환하면서 데이터가 손실될 수 있습니다.
C:\Users\Yang Chanu\source\repos\pbrt-v3\src\ext\glog\src\logging.cc(1082,53): warning C4267: '초기화 중': 'size_t'에서 'int'(으)로 변환하면서 데이터가 손실될 수 있습니다.
C:\Users\Yang Chanu\source\repos\pbrt-v3\src\ext\glog\src\logging.cc(1082,53): warning C4267: '초기화 중': 'size_t'에서 'const int'(으)로 변환하면서 데이터가 손실될 수 있습니다.
C:\Users\Yang Chanu\source\repos\pbrt-v3\src\ext\glog\src\logging.cc(1343,40): warning C4267: '초기화 중': 'size_t'에서 'int'(으)로 변환하면서 데이터가 손실될 수 있습니다.
C:\Users\Yang Chanu\source\repos\pbrt-v3\src\ext\glog\src\logging.cc(1343,40): warning C4267: '초기화 중': 'size_t'에서 'const int'(으)로 변환하면서 데이터가 손실될 수 있습니다.
C:\Users\Yang Chanu\source\repos\pbrt-v3\src\ext\glog\src\logging.cc(1416,56): warning C4267: '인수': 'size_t'에서 'const _Ty'(으)로 변환하면서 데이터가 손실될 수 있습니다.
          with
          [
              _Ty=int
          ]
C:\Users\Yang Chanu\source\repos\pbrt-v3\src\ext\glog\src\logging.cc(1438,8): warning C4267: '인수': 'size_t'에서 'unsigned int'(으)로 변환하면서 데이터가 손실될 수 있습니다.
C:\Users\Yang Chanu\source\repos\pbrt-v3\src\ext\glog\src\logging.cc(1516,70): warning C4267: '초기화 중': 'size_t'에서 'int'(으)로 변환하면서 데이터가 손실될 수 있습니다.
C:\Users\Yang Chanu\source\repos\pbrt-v3\src\ext\glog\src\logging.cc(1529,70): warning C4267: '초기화 중': 'size_t'에서 'int'(으)로 변환하면서 데이터가 손실될 수 있습니다.
  raw_logging.cc
C:\Users\Yang Chanu\source\repos\pbrt-v3\src\ext\glog\src\raw_logging.cc(153,3): warning C4267: '인수': 'size_t'에서 'unsigned int'(으)로 변환하면서 데이터가 손실될 수 있습니다.
  symbolize.cc
  utilities.cc
  vlog_is_on.cc
C:\Users\Yang Chanu\source\repos\pbrt-v3\src\ext\glog\src\vlog_is_on.cc(163,49): warning C4267: '초기화 중': 'size_t'에서 'int'(으)로 변환하면서 데이터가 손실될 수 있습니다.
C:\Users\Yang Chanu\source\repos\pbrt-v3\src\ext\glog\src\vlog_is_on.cc(163,49): warning C4267: '초기화 중': 'size_t'에서 'const int'(으)로 변환하면서 데이터가 손실될 수 있습니다.
  코드를 생성하고 있습니다...
C:\Users\Yang Chanu\source\repos\pbrt-v3\src\ext\glog\src\logging.cc(2024): warning C4722: 'google::LogMessageFatal::~LogMessageFatal': 소멸자가 반환하지 않습니다. 메모리 누수가 발생할 수 있습니다.
  port.cc
  glog.vcxproj -> C:\Users\Yang Chanu\source\repos\pbrt-v3\build\src\ext\glog\Release\glog.lib
