  Building Custom Rule C:/Users/Yang Chanu/source/repos/pbrt-v3/src/ext/openexr/OpenEXR/IlmImf/CMakeLists.txt
  ImfAttribute.cpp
  ImfBoxAttribute.cpp
  ImfCRgbaFile.cpp
  ImfChannelList.cpp
  ImfChannelListAttribute.cpp
  ImfFloatAttribute.cpp
  ImfFrameBuffer.cpp
  ImfHeader.cpp
  ImfIO.cpp
  ImfInputFile.cpp
  ImfIntAttribute.cpp
  ImfLineOrderAttribute.cpp
  ImfMatrixAttribute.cpp
  ImfOpaqueAttribute.cpp
  ImfOutputFile.cpp
  ImfRgbaFile.cpp
  ImfStringAttribute.cpp
  ImfVecAttribute.cpp
  ImfHuf.cpp
  ImfThreading.cpp
  코드를 생성하고 있습니다...
  컴파일하고 있습니다...
  ImfWav.cpp
  ImfLut.cpp
  ImfCompressor.cpp
  ImfRleCompressor.cpp
C:\Users\Yang Chanu\source\repos\pbrt-v3\src\ext\openexr\OpenEXR\IlmImf\ImfRleCompressor.cpp(1,1): warning C4819: 현재 코드 페이지(949)에서 표시할 수 없는 문자가 파일에 들어 있습니다. 데이터가 손실되지 않게 하려면 해당 파일을 유니코드 형식으로 저장하십시오.
  ImfZipCompressor.cpp
C:\Users\Yang Chanu\source\repos\pbrt-v3\src\ext\openexr\OpenEXR\IlmImf\ImfZipCompressor.cpp(1,1): warning C4819: 현재 코드 페이지(949)에서 표시할 수 없는 문자가 파일에 들어 있습니다. 데이터가 손실되지 않게 하려면 해당 파일을 유니코드 형식으로 저장하십시오.
  ImfPizCompressor.cpp
C:\Users\Yang Chanu\source\repos\pbrt-v3\src\ext\openexr\OpenEXR\IlmImf\ImfPizCompressor.cpp(1,1): warning C4819: 현재 코드 페이지(949)에서 표시할 수 없는 문자가 파일에 들어 있습니다. 데이터가 손실되지 않게 하려면 해당 파일을 유니코드 형식으로 저장하십시오.
  ImfMisc.cpp
  ImfCompressionAttribute.cpp
  ImfDoubleAttribute.cpp
  ImfConvert.cpp
  ImfPreviewImage.cpp
  ImfPreviewImageAttribute.cpp
  ImfVersion.cpp
  ImfChromaticities.cpp
  ImfChromaticitiesAttribute.cpp
  ImfKeyCode.cpp
  ImfKeyCodeAttribute.cpp
  ImfTimeCode.cpp
  ImfTimeCodeAttribute.cpp
  ImfRational.cpp
  코드를 생성하고 있습니다...
  컴파일하고 있습니다...
  ImfRationalAttribute.cpp
  ImfFramesPerSecond.cpp
  ImfStandardAttributes.cpp
  ImfStdIO.cpp
  ImfEnvmap.cpp
  ImfEnvmapAttribute.cpp
  ImfScanLineInputFile.cpp
  ImfTiledInputFile.cpp
  ImfTiledMisc.cpp
  ImfTiledOutputFile.cpp
  ImfTiledRgbaFile.cpp
  ImfTileDescriptionAttribute.cpp
  ImfTileOffsets.cpp
  ImfRgbaYca.cpp
  ImfPxr24Compressor.cpp
  ImfTestFile.cpp
  ImfStringVectorAttribute.cpp
  ImfMultiView.cpp
  ImfAcesFile.cpp
  ImfMultiPartOutputFile.cpp
  코드를 생성하고 있습니다...
  컴파일하고 있습니다...
  ImfGenericOutputFile.cpp
  ImfOutputPartData.cpp
  ImfMultiPartInputFile.cpp
  ImfGenericInputFile.cpp
  ImfPartType.cpp
  ImfInputPartData.cpp
  ImfOutputPart.cpp
  ImfTiledOutputPart.cpp
  ImfInputPart.cpp
  ImfTiledInputPart.cpp
  ImfDeepScanLineInputPart.cpp
  ImfDeepScanLineOutputPart.cpp
  ImfDeepScanLineInputFile.cpp
  ImfDeepScanLineOutputFile.cpp
  ImfDeepTiledInputPart.cpp
  ImfDeepTiledOutputPart.cpp
  ImfDeepTiledInputFile.cpp
  ImfDeepTiledOutputFile.cpp
  ImfDeepFrameBuffer.cpp
  ImfDeepCompositing.cpp
  코드를 생성하고 있습니다...
  컴파일하고 있습니다...
  ImfCompositeDeepScanLine.cpp
  ImfDeepImageStateAttribute.cpp
  ImfFastHuf.cpp
  ImfFloatVectorAttribute.cpp
  ImfRle.cpp
  ImfSystemSpecific.cpp
  ImfZip.cpp
  코드를 생성하고 있습니다...
  IlmImf-obj.vcxproj -> C:\Users\Yang Chanu\source\repos\pbrt-v3\build\src\ext\openexr\OpenEXR\IlmImf\IlmImf-obj.dir\Release\IlmImf-obj.lib
